<?xml version="1.0" encoding="UTF-8"?>
<!-- Generated by org.testng.reporters.JUnitReportReporter -->
<testsuite hostname="DESKTOP-E097QFK" failures="0" tests="1" name="Ecommerce.Ecommerce.Homepage" time="22.539" errors="0" timestamp="12 Mar 2021 06:57:37 GMT" skipped="0">
  <testcase classname="Ecommerce.Ecommerce.Homepage" name="Verify_Add_Item_To_Cart" time="22.539"/>
</testsuite> <!-- Ecommerce.Ecommerce.Homepage -->
